<?xml version="1.0" encoding="UTF-8"?>
<!-- Generated by org.testng.reporters.JUnitReportReporter -->
<testsuite skipped="0" hostname="LAPTOP-M1QP0QD6" name="com.techinfuse.selday1.NewTest" tests="4" failures="0" timestamp="2020-06-28T13:29:29 IST" time="11.804" errors="0">
  <testcase name="f1" time="11.797" classname="com.techinfuse.selday1.NewTest"/>
  <testcase name="f2" time="0.003" classname="com.techinfuse.selday1.NewTest"/>
  <testcase name="f3" time="0.002" classname="com.techinfuse.selday1.NewTest"/>
  <testcase name="f4" time="0.002" classname="com.techinfuse.selday1.NewTest"/>
</testsuite> <!-- com.techinfuse.selday1.NewTest -->
