<?xml version="1.0" encoding="UTF-8"?>
<!-- Generated by org.testng.reporters.JUnitReportReporter -->
<testsuite skipped="0" hostname="LAPTOP-M1QP0QD6" name="com.techinfuse.selday1.NewTest" tests="1" failures="0" timestamp="2020-03-17T23:14:16 IST" time="0.006" errors="0">
  <testcase name="f4" time="0.006" classname="com.techinfuse.selday1.NewTest"/>
</testsuite> <!-- com.techinfuse.selday1.NewTest -->
