<?xml version="1.0" encoding="UTF-8"?>
<!-- Generated by org.testng.reporters.JUnitReportReporter -->
<testsuite skipped="0" hostname="LAPTOP-M1QP0QD6" name="com.techinfuse.qw.AT2" tests="1" failures="0" timestamp="2020-03-22T19:49:32 IST" time="20.749" errors="0">
  <testcase name="loginTest" time="20.749" classname="com.techinfuse.qw.AT2"/>
</testsuite> <!-- com.techinfuse.qw.AT2 -->
